\BOOKMARK [0][]{chapter.1}{\376\377\0001\000\040\137\025\212\000}{}% 1
\BOOKMARK [1][]{section.1.1}{\376\377\0001\000.\0001\000\040\200\314\146\157\116\313\176\315}{chapter.1}% 2
\BOOKMARK [2][]{subsection.1.1.1}{\376\377\0001\000.\0001\000.\0001\000\040\167\351\226\065\164\006\213\272\116\016\145\271\154\325\116\313\176\315}{section.1.1}% 3
\BOOKMARK [2][]{subsection.1.1.2}{\376\377\0001\000.\0001\000.\0002\000\040\121\375\145\160\167\351\226\065\124\214\167\351\226\065\121\375\145\160\116\313\176\315}{section.1.1}% 4
\BOOKMARK [2][]{subsection.1.1.3}{\376\377\0001\000.\0001\000.\0003\000\040\176\277\140\047\116\343\145\160\145\271\172\013\176\304\154\102\211\343\116\313\176\315}{section.1.1}% 5
\BOOKMARK [1][]{section.1.2}{\376\377\0001\000.\0002\000\040\225\356\230\230\116\313\176\315}{chapter.1}% 6
\BOOKMARK [2][]{subsection.1.2.1}{\376\377\0001\000.\0002\000.\0001\000\040\167\351\226\065\121\375\145\160\166\204\154\102\154\325\225\356\230\230\116\313\176\315}{section.1.2}% 7
\BOOKMARK [2][]{subsection.1.2.2}{\376\377\0001\000.\0002\000.\0002\000\040\167\351\226\065\122\006\211\343\166\204\145\271\154\325\225\356\230\230\116\313\176\315}{section.1.2}% 8
\BOOKMARK [1][]{section.1.3}{\376\377\0001\000.\0003\000\040\116\012\217\360\225\356\230\230\126\375\121\205\131\026\170\024\172\166\142\020\147\234\116\313\176\315}{chapter.1}% 9
\BOOKMARK [2][]{subsection.1.3.1}{\376\377\0001\000.\0003\000.\0001\000\040\167\351\226\065\121\375\145\160\166\204\154\102\154\325\170\024\172\166\163\260\162\266}{section.1.3}% 10
\BOOKMARK [2][]{subsection.1.3.2}{\376\377\0001\000.\0003\000.\0002\000\040\167\351\226\065\122\006\211\343\145\271\154\325\170\024\172\166\163\260\162\266}{section.1.3}% 11
\BOOKMARK [1][]{section.1.4}{\376\377\0001\000.\0004\000\040\147\054\213\272\145\207\135\345\117\134\173\200\217\360}{chapter.1}% 12
\BOOKMARK [2][]{subsection.1.4.1}{\376\377\0001\000.\0004\000.\0001\000\040\147\054\213\272\145\207\133\371\116\012\217\360\225\356\230\230\170\024\172\166\173\200\217\360}{section.1.4}% 13
\BOOKMARK [2][]{subsection.1.4.2}{\376\377\0001\000.\0004\000.\0002\000\040\147\054\213\272\145\207\122\033\145\260\160\271\142\026\162\171\160\271\173\200\217\360}{section.1.4}% 14
\BOOKMARK [2][]{subsection.1.4.3}{\376\377\0001\000.\0004\000.\0003\000\040\147\054\213\272\145\207\144\260\121\231\176\323\147\204\173\200\217\360}{section.1.4}% 15
\BOOKMARK [0][]{chapter.2}{\376\377\0002\000\040\230\204\131\007\167\345\213\306}{}% 16
\BOOKMARK [1][]{section.2.1}{\376\377\0002\000.\0001\000\040\153\047\137\017\172\172\225\364\116\016\176\277\140\047\123\330\143\142}{chapter.2}% 17
\BOOKMARK [2][]{subsection.2.1.1}{\376\377\0002\000.\0001\000.\0001\000\040\153\047\137\017\172\172\225\364\116\016\176\277\140\047\123\330\143\142\116\313\176\315}{section.2.1}% 18
\BOOKMARK [2][]{subsection.2.1.2}{\376\377\0002\000.\0001\000.\0002\000\040\202\345\134\024\137\123\150\007\121\306\137\142\166\204\154\102\211\343}{section.2.1}% 19
\BOOKMARK [2][]{subsection.2.1.3}{\376\377\0002\000.\0001\000.\0003\000\040\153\047\137\017\172\172\225\364\116\055\176\277\140\047\123\330\143\142\166\204\154\102\154\325\000\050\211\343\154\325\123\302\200\003\213\376\147\054\117\213\0001\000.\0003\0006\124\214\000p\000p\000t\000\051}{section.2.1}% 20
\BOOKMARK [1][]{section.2.2}{\376\377\0002\000.\0002\000\040\124\021\221\317\203\003\145\160\116\016\167\351\226\065\203\003\145\160}{chapter.2}% 21
\BOOKMARK [2][]{subsection.2.2.1}{\376\377\0002\000.\0002\000.\0001\000\040\124\021\221\317\203\003\145\160\116\313\176\315}{section.2.2}% 22
\BOOKMARK [2][]{subsection.2.2.2}{\376\377\0002\000.\0002\000.\0002\000\040\167\351\226\065\203\003\145\160\116\313\176\315}{section.2.2}% 23
\BOOKMARK [2][]{subsection.2.2.3}{\376\377\0002\000.\0002\000.\0003\000\040\167\351\226\065\123\357\220\006\140\047\147\141\116\366\060\001\147\141\116\366\145\160\124\214\214\061\123\112\137\204\116\313\176\315}{section.2.2}% 24
\BOOKMARK [1][]{section.2.3}{\376\377\0002\000.\0003\000\040\167\351\226\065\121\375\145\160\116\313\176\315}{chapter.2}% 25
\BOOKMARK [2][]{subsection.2.3.1}{\376\377\0002\000.\0003\000.\0001\000\040\167\351\226\065\136\217\122\027\116\313\176\315}{section.2.3}% 26
\BOOKMARK [2][]{subsection.2.3.2}{\376\377\0002\000.\0003\000.\0002\000\040\167\351\226\065\176\247\145\160\116\313\176\315}{section.2.3}% 27
\BOOKMARK [2][]{subsection.2.3.3}{\376\377\0002\000.\0003\000.\0003\000\040\167\351\226\065\121\375\145\160\116\313\176\315\000\040\000\050\123\302\200\003\213\376\147\054\0003\000.\0003\000.\0001\000\051}{section.2.3}% 28
\BOOKMARK [2][]{subsection.2.3.4}{\376\377\0002\000.\0003\000.\0004\000\040\121\375\145\160\167\351\226\065\133\371\167\351\226\065\166\204\133\374\145\160}{section.2.3}% 29
\BOOKMARK [0][]{chapter.3}{\376\377\0003\000\040\167\351\226\065\121\375\145\160\166\204\154\102\154\325\170\024\172\166}{}% 30
\BOOKMARK [1][]{section.3.1}{\376\377\0003\000.\0001\000\040\137\205\133\232\174\373\145\160\154\325}{chapter.3}% 31
\BOOKMARK [2][]{subsection.3.1.1}{\376\377\0003\000.\0001\000.\0001\000\040\137\205\133\232\174\373\145\160\154\325\154\102\167\351\226\065\121\375\145\160\166\204\153\145\232\244\143\250\133\374}{section.3.1}% 32
\BOOKMARK [2][]{subsection.3.1.2}{\376\377\0003\000.\0001\000.\0002\000\040\116\076\117\213\213\346\176\306\134\125\171\072\154\102\154\325}{section.3.1}% 33
\BOOKMARK [1][]{section.3.2}{\376\377\0003\000.\0002\000\040\145\160\230\171\176\247\145\160\154\102\124\214\154\325}{chapter.3}% 34
\BOOKMARK [2][]{subsection.3.2.1}{\376\377\0003\000.\0002\000.\0001\000\040\145\160\230\171\176\247\145\160\154\102\124\214\154\325\154\102\167\351\226\065\121\375\145\160\166\204\153\145\232\244\143\250\133\374}{section.3.2}% 35
\BOOKMARK [2][]{subsection.3.2.2}{\376\377\0003\000.\0002\000.\0002\000\040\116\076\117\213\213\346\176\306\134\125\171\072\154\102\154\325}{section.3.2}% 36
\BOOKMARK [1][]{section.3.3}{\376\377\0003\000.\0003\000\040\133\371\211\322\137\142\154\325}{chapter.3}% 37
\BOOKMARK [2][]{subsection.3.3.1}{\376\377\0003\000.\0003\000.\0001\000\040\133\371\211\322\137\142\154\325\154\102\167\351\226\065\121\375\145\160\166\204\153\145\232\244\143\250\133\374}{section.3.3}% 38
\BOOKMARK [2][]{subsection.3.3.2}{\376\377\0003\000.\0003\000.\0002\000\040\116\076\117\213\213\346\176\306\134\125\171\072\154\102\154\325}{section.3.3}% 39
\BOOKMARK [1][]{section.3.4}{\376\377\0003\000.\0004\000\040\202\345\134\024\137\123\150\007\121\306\137\142\154\325}{chapter.3}% 40
\BOOKMARK [2][]{subsection.3.4.1}{\376\377\0003\000.\0004\000.\0001\000\040\202\345\134\024\137\123\150\007\121\306\137\142\154\325\154\102\167\351\226\065\121\375\145\160\166\204\153\145\232\244\143\250\133\374}{section.3.4}% 41
\BOOKMARK [2][]{subsection.3.4.2}{\376\377\0003\000.\0004\000.\0002\000\040\116\076\117\213\213\346\176\306\134\125\171\072\154\102\154\325}{section.3.4}% 42
\BOOKMARK [1][]{section.3.5}{\376\377\0003\000.\0005\000\040\147\054\172\340\134\017\202\202}{chapter.3}% 43
\BOOKMARK [0][]{chapter.4}{\376\377\0004\000\040\167\351\226\065\122\006\211\343\145\271\154\325\170\024\172\166}{}% 44
\BOOKMARK [1][]{section.4.1}{\376\377\0004\000.\0001\000\040\167\351\226\065\166\204\000L\000U\122\006\211\343}{chapter.4}% 45
\BOOKMARK [2][]{subsection.4.1.1}{\376\377\0004\000.\0001\000.\0001\000\040\167\351\226\065\000L\000U\122\006\211\343\166\204\153\145\232\244\143\250\133\374}{section.4.1}% 46
\BOOKMARK [2][]{subsection.4.1.2}{\376\377\0004\000.\0001\000.\0002\000\040\116\076\117\213\213\346\176\306\134\125\171\072\154\102\154\325}{section.4.1}% 47
\BOOKMARK [1][]{section.4.2}{\376\377\0004\000.\0002\000\040\167\351\226\065\166\204\000Q\000R\122\006\211\343}{chapter.4}% 48
\BOOKMARK [2][]{subsection.4.2.1}{\376\377\0004\000.\0002\000.\0001\000\040\167\351\226\065\000Q\000R\122\006\211\343\166\204\153\145\232\244\143\250\133\374}{section.4.2}% 49
\BOOKMARK [2][]{subsection.4.2.2}{\376\377\0004\000.\0002\000.\0002\000\040\116\076\117\213\213\346\176\306\134\125\171\072\154\102\154\325}{section.4.2}% 50
\BOOKMARK [1][]{section.4.3}{\376\377\0004\000.\0003\000\040\167\351\226\065\166\204\156\341\171\351\122\006\211\343}{chapter.4}% 51
\BOOKMARK [2][]{subsection.4.3.1}{\376\377\0004\000.\0003\000.\0001\000\040\167\351\226\065\156\341\171\351\122\006\211\343\166\204\153\145\232\244\143\250\133\374}{section.4.3}% 52
\BOOKMARK [2][]{subsection.4.3.2}{\376\377\0004\000.\0003\000.\0002\000\040\116\076\117\213\213\346\176\306\134\125\171\072\154\102\154\325}{section.4.3}% 53
\BOOKMARK [1][]{section.4.4}{\376\377\0004\000.\0004\000\040\167\351\226\065\166\204\131\107\137\002\120\074\122\006\211\343}{chapter.4}% 54
\BOOKMARK [2][]{subsection.4.4.1}{\376\377\0004\000.\0004\000.\0001\000\040\167\351\226\065\131\107\137\002\120\074\122\006\211\343\166\204\153\145\232\244\143\250\133\374}{section.4.4}% 55
\BOOKMARK [2][]{subsection.4.4.2}{\376\377\0004\000.\0004\000.\0002\000\040\116\076\117\213\213\346\176\306\134\125\171\072\154\102\154\325}{section.4.4}% 56
\BOOKMARK [1][]{section.4.5}{\376\377\0004\000.\0005\000\040\122\051\165\050\167\351\226\065\122\006\211\343\154\102\167\351\226\065\136\177\116\111\220\006}{chapter.4}% 57
\BOOKMARK [2][]{subsection.4.5.1}{\376\377\0004\000.\0005\000.\0001\000\040\167\351\226\065\136\177\116\111\220\006\116\313\176\315}{section.4.5}% 58
\BOOKMARK [2][]{subsection.4.5.2}{\376\377\0004\000.\0005\000.\0002\000\040\122\051\165\050\167\351\226\065\156\341\171\351\122\006\211\343\154\102\167\351\226\065\136\177\116\111\220\006}{section.4.5}% 59
\BOOKMARK [2][]{subsection.4.5.3}{\376\377\0004\000.\0005\000.\0003\000\040\122\051\165\050\167\351\226\065\131\107\137\002\120\074\122\006\211\343\154\102\167\351\226\065\136\177\116\111\220\006}{section.4.5}% 60
\BOOKMARK [2][]{subsection.4.5.4}{\376\377\0004\000.\0005\000.\0004\000\040\116\076\117\213\213\346\176\306\134\125\171\072\154\102\154\325}{section.4.5}% 61
\BOOKMARK [1][]{section.4.6}{\376\377\0004\000.\0006\000\040\147\054\172\340\134\017\202\202}{chapter.4}% 62
\BOOKMARK [0][]{chapter.5}{\376\377\0005\000\040\140\073\176\323}{}% 63
\BOOKMARK [0][]{section*.2}{\376\377\123\302\200\003\145\207\163\056}{}% 64
